Analysis & Synthesis report for calculator
Thu Dec 07 19:26:04 2023
Quartus Prime Version 20.1.1 Build 720 11/11/2020 SJ Lite Edition


---------------------
; Table of Contents ;
---------------------
  1. Legal Notice
  2. Analysis & Synthesis Summary
  3. Analysis & Synthesis Settings
  4. Parallel Compilation
  5. Analysis & Synthesis Source Files Read
  6. Analysis & Synthesis Resource Usage Summary
  7. Analysis & Synthesis Resource Utilization by Entity
  8. General Register Statistics
  9. Multiplexer Restructuring Statistics (Restructuring Performed)
 10. Parameter Settings for User Entity Instance: Piezo_Module:inst13|PNU_CLK_DIV:inst6
 11. Parameter Settings for User Entity Instance: Piezo_Module:inst13|PNU_CLK_DIV:inst7
 12. Parameter Settings for User Entity Instance: Piezo_Module:inst13|PNU_CLK_DIV:inst5
 13. Parameter Settings for User Entity Instance: Piezo_Module:inst13|PNU_CLK_DIV:inst1
 14. Parameter Settings for User Entity Instance: Piezo_Module:inst13|PNU_CLK_DIV:inst11
 15. Parameter Settings for User Entity Instance: Piezo_Module:inst13|PNU_CLK_DIV:inst9
 16. Parameter Settings for User Entity Instance: Piezo_Module:inst13|PNU_CLK_DIV:inst10
 17. Parameter Settings for User Entity Instance: Piezo_Module:inst13|PNU_CLK_DIV:inst8
 18. Parameter Settings for User Entity Instance: Piezo_Module:inst13|PNU_CLK_DIV:inst
 19. Parameter Settings for User Entity Instance: Piezo_Module:inst13|PNU_CLK_DIV:inst3
 20. Parameter Settings for User Entity Instance: Piezo_Module:inst13|PNU_CLK_DIV:inst4
 21. Parameter Settings for User Entity Instance: Piezo_Module:inst13|PNU_CLK_DIV:inst2
 22. Parameter Settings for User Entity Instance: PNU_CLK_DIV:inst1
 23. Post-Synthesis Netlist Statistics for Top Partition
 24. Elapsed Time Per Partition
 25. Analysis & Synthesis Messages



----------------
; Legal Notice ;
----------------
Copyright (C) 2020  Intel Corporation. All rights reserved.
Your use of Intel Corporation's design tools, logic functions 
and other software and tools, and any partner logic 
functions, and any output files from any of the foregoing 
(including device programming or simulation files), and any 
associated documentation or information are expressly subject 
to the terms and conditions of the Intel Program License 
Subscription Agreement, the Intel Quartus Prime License Agreement,
the Intel FPGA IP License Agreement, or other applicable license
agreement, including, without limitation, that your use is for
the sole purpose of programming logic devices manufactured by
Intel and sold by Intel or its authorized distributors.  Please
refer to the applicable agreement for further details, at
https://fpgasoftware.intel.com/eula.



+-------------------------------------------------------------------------------+
; Analysis & Synthesis Summary                                                  ;
+---------------------------------+---------------------------------------------+
; Analysis & Synthesis Status     ; Successful - Thu Dec 07 19:26:04 2023       ;
; Quartus Prime Version           ; 20.1.1 Build 720 11/11/2020 SJ Lite Edition ;
; Revision Name                   ; calculator                                  ;
; Top-level Entity Name           ; calculator                                  ;
; Family                          ; Cyclone V                                   ;
; Logic utilization (in ALMs)     ; N/A                                         ;
; Total registers                 ; 295                                         ;
; Total pins                      ; 42                                          ;
; Total virtual pins              ; 0                                           ;
; Total block memory bits         ; 0                                           ;
; Total DSP Blocks                ; 0                                           ;
; Total HSSI RX PCSs              ; 0                                           ;
; Total HSSI PMA RX Deserializers ; 0                                           ;
; Total HSSI TX PCSs              ; 0                                           ;
; Total HSSI PMA TX Serializers   ; 0                                           ;
; Total PLLs                      ; 0                                           ;
; Total DLLs                      ; 0                                           ;
+---------------------------------+---------------------------------------------+


+---------------------------------------------------------------------------------------------------------------------------+
; Analysis & Synthesis Settings                                                                                             ;
+---------------------------------------------------------------------------------+--------------------+--------------------+
; Option                                                                          ; Setting            ; Default Value      ;
+---------------------------------------------------------------------------------+--------------------+--------------------+
; Device                                                                          ; 5CGXFC7C7F23C8     ;                    ;
; Top-level entity name                                                           ; calculator         ; calculator         ;
; Family name                                                                     ; Cyclone V          ; Cyclone V          ;
; Use smart compilation                                                           ; Off                ; Off                ;
; Enable parallel Assembler and Timing Analyzer during compilation                ; On                 ; On                 ;
; Enable compact report table                                                     ; Off                ; Off                ;
; Restructure Multiplexers                                                        ; Auto               ; Auto               ;
; MLAB Add Timing Constraints For Mixed-Port Feed-Through Mode Setting Don't Care ; Off                ; Off                ;
; Create Debugging Nodes for IP Cores                                             ; Off                ; Off                ;
; Preserve fewer node names                                                       ; On                 ; On                 ;
; Intel FPGA IP Evaluation Mode                                                   ; Enable             ; Enable             ;
; Verilog Version                                                                 ; Verilog_2001       ; Verilog_2001       ;
; VHDL Version                                                                    ; VHDL_1993          ; VHDL_1993          ;
; State Machine Processing                                                        ; Auto               ; Auto               ;
; Safe State Machine                                                              ; Off                ; Off                ;
; Extract Verilog State Machines                                                  ; On                 ; On                 ;
; Extract VHDL State Machines                                                     ; On                 ; On                 ;
; Ignore Verilog initial constructs                                               ; Off                ; Off                ;
; Iteration limit for constant Verilog loops                                      ; 5000               ; 5000               ;
; Iteration limit for non-constant Verilog loops                                  ; 250                ; 250                ;
; Add Pass-Through Logic to Inferred RAMs                                         ; On                 ; On                 ;
; Infer RAMs from Raw Logic                                                       ; On                 ; On                 ;
; Parallel Synthesis                                                              ; On                 ; On                 ;
; DSP Block Balancing                                                             ; Auto               ; Auto               ;
; NOT Gate Push-Back                                                              ; On                 ; On                 ;
; Power-Up Don't Care                                                             ; On                 ; On                 ;
; Remove Redundant Logic Cells                                                    ; Off                ; Off                ;
; Remove Duplicate Registers                                                      ; On                 ; On                 ;
; Ignore CARRY Buffers                                                            ; Off                ; Off                ;
; Ignore CASCADE Buffers                                                          ; Off                ; Off                ;
; Ignore GLOBAL Buffers                                                           ; Off                ; Off                ;
; Ignore ROW GLOBAL Buffers                                                       ; Off                ; Off                ;
; Ignore LCELL Buffers                                                            ; Off                ; Off                ;
; Ignore SOFT Buffers                                                             ; On                 ; On                 ;
; Limit AHDL Integers to 32 Bits                                                  ; Off                ; Off                ;
; Optimization Technique                                                          ; Balanced           ; Balanced           ;
; Carry Chain Length                                                              ; 70                 ; 70                 ;
; Auto Carry Chains                                                               ; On                 ; On                 ;
; Auto Open-Drain Pins                                                            ; On                 ; On                 ;
; Perform WYSIWYG Primitive Resynthesis                                           ; Off                ; Off                ;
; Auto ROM Replacement                                                            ; On                 ; On                 ;
; Auto RAM Replacement                                                            ; On                 ; On                 ;
; Auto DSP Block Replacement                                                      ; On                 ; On                 ;
; Auto Shift Register Replacement                                                 ; Auto               ; Auto               ;
; Allow Shift Register Merging across Hierarchies                                 ; Auto               ; Auto               ;
; Auto Clock Enable Replacement                                                   ; On                 ; On                 ;
; Strict RAM Replacement                                                          ; Off                ; Off                ;
; Allow Synchronous Control Signals                                               ; On                 ; On                 ;
; Force Use of Synchronous Clear Signals                                          ; Off                ; Off                ;
; Auto Resource Sharing                                                           ; Off                ; Off                ;
; Allow Any RAM Size For Recognition                                              ; Off                ; Off                ;
; Allow Any ROM Size For Recognition                                              ; Off                ; Off                ;
; Allow Any Shift Register Size For Recognition                                   ; Off                ; Off                ;
; Use LogicLock Constraints during Resource Balancing                             ; On                 ; On                 ;
; Ignore translate_off and synthesis_off directives                               ; Off                ; Off                ;
; Timing-Driven Synthesis                                                         ; On                 ; On                 ;
; Report Parameter Settings                                                       ; On                 ; On                 ;
; Report Source Assignments                                                       ; On                 ; On                 ;
; Report Connectivity Checks                                                      ; On                 ; On                 ;
; Ignore Maximum Fan-Out Assignments                                              ; Off                ; Off                ;
; Synchronization Register Chain Length                                           ; 3                  ; 3                  ;
; Power Optimization During Synthesis                                             ; Normal compilation ; Normal compilation ;
; HDL message level                                                               ; Level2             ; Level2             ;
; Suppress Register Optimization Related Messages                                 ; Off                ; Off                ;
; Number of Removed Registers Reported in Synthesis Report                        ; 5000               ; 5000               ;
; Number of Swept Nodes Reported in Synthesis Report                              ; 5000               ; 5000               ;
; Number of Inverted Registers Reported in Synthesis Report                       ; 100                ; 100                ;
; Clock MUX Protection                                                            ; On                 ; On                 ;
; Auto Gated Clock Conversion                                                     ; Off                ; Off                ;
; Block Design Naming                                                             ; Auto               ; Auto               ;
; SDC constraint protection                                                       ; Off                ; Off                ;
; Synthesis Effort                                                                ; Auto               ; Auto               ;
; Shift Register Replacement - Allow Asynchronous Clear Signal                    ; On                 ; On                 ;
; Pre-Mapping Resynthesis Optimization                                            ; Off                ; Off                ;
; Analysis & Synthesis Message Level                                              ; Medium             ; Medium             ;
; Disable Register Merging Across Hierarchies                                     ; Auto               ; Auto               ;
; Resource Aware Inference For Block RAM                                          ; On                 ; On                 ;
; Automatic Parallel Synthesis                                                    ; On                 ; On                 ;
; Partial Reconfiguration Bitstream ID                                            ; Off                ; Off                ;
+---------------------------------------------------------------------------------+--------------------+--------------------+


+------------------------------------------+
; Parallel Compilation                     ;
+----------------------------+-------------+
; Processors                 ; Number      ;
+----------------------------+-------------+
; Number detected on machine ; 16          ;
; Maximum allowed            ; 12          ;
;                            ;             ;
; Average used               ; 1.00        ;
; Maximum used               ; 12          ;
;                            ;             ;
; Usage by Processor         ; % Time Used ;
;     Processor 1            ; 100.0%      ;
;     Processor 2            ;   0.0%      ;
;     Processors 3-12        ;   0.0%      ;
+----------------------------+-------------+


+-----------------------------------------------------------------------------------------------------------------------------------------------------+
; Analysis & Synthesis Source Files Read                                                                                                              ;
+----------------------------------+-----------------+------------------------------------+-------------------------------------------------+---------+
; File Name with User-Entered Path ; Used in Netlist ; File Type                          ; File Name with Absolute Path                    ; Library ;
+----------------------------------+-----------------+------------------------------------+-------------------------------------------------+---------+
; calculator.bdf                   ; yes             ; User Block Diagram/Schematic File  ; E:/quartus_prime/calculator/calculator.bdf      ;         ;
; d2b.bdf                          ; yes             ; User Block Diagram/Schematic File  ; E:/quartus_prime/calculator/d2b.bdf             ;         ;
; Piezo_Module.bdf                 ; yes             ; User Block Diagram/Schematic File  ; E:/quartus_prime/calculator/Piezo_Module.bdf    ;         ;
; b2seg_bus.bdf                    ; yes             ; User Block Diagram/Schematic File  ; E:/quartus_prime/calculator/b2seg_bus.bdf       ;         ;
; trigger.bdf                      ; yes             ; User Block Diagram/Schematic File  ; E:/quartus_prime/calculator/trigger.bdf         ;         ;
; Password.bdf                     ; yes             ; User Block Diagram/Schematic File  ; E:/quartus_prime/calculator/Password.bdf        ;         ;
; mx_4bit_2x1.bdf                  ; yes             ; User Block Diagram/Schematic File  ; E:/quartus_prime/calculator/mx_4bit_2x1.bdf     ;         ;
; mx_2x1.bdf                       ; yes             ; User Block Diagram/Schematic File  ; E:/quartus_prime/calculator/mx_2x1.bdf          ;         ;
; LED.bdf                          ; yes             ; User Block Diagram/Schematic File  ; E:/quartus_prime/calculator/LED.bdf             ;         ;
; four_bit_reg_ce.bdf              ; yes             ; User Block Diagram/Schematic File  ; E:/quartus_prime/calculator/four_bit_reg_ce.bdf ;         ;
; count_4.bdf                      ; yes             ; User Block Diagram/Schematic File  ; E:/quartus_prime/calculator/count_4.bdf         ;         ;
; pnu_clk_div.v                    ; yes             ; Auto-Found Verilog HDL File        ; E:/quartus_prime/calculator/pnu_clk_div.v       ;         ;
+----------------------------------+-----------------+------------------------------------+-------------------------------------------------+---------+


+---------------------------------------------------------+
; Analysis & Synthesis Resource Usage Summary             ;
+---------------------------------------------+-----------+
; Resource                                    ; Usage     ;
+---------------------------------------------+-----------+
; Estimate of Logic utilization (ALMs needed) ; 227       ;
;                                             ;           ;
; Combinational ALUT usage for logic          ; 409       ;
;     -- 7 input functions                    ; 0         ;
;     -- 6 input functions                    ; 43        ;
;     -- 5 input functions                    ; 37        ;
;     -- 4 input functions                    ; 30        ;
;     -- <=3 input functions                  ; 299       ;
;                                             ;           ;
; Dedicated logic registers                   ; 295       ;
;                                             ;           ;
; I/O pins                                    ; 42        ;
;                                             ;           ;
; Total DSP Blocks                            ; 0         ;
;                                             ;           ;
; Maximum fan-out node                        ; rst~input ;
; Maximum fan-out                             ; 295       ;
; Total fan-out                               ; 2396      ;
; Average fan-out                             ; 3.04      ;
+---------------------------------------------+-----------+


+----------------------------------------------------------------------------------------------------------------------------------------------------------------------------------------------------------------------------+
; Analysis & Synthesis Resource Utilization by Entity                                                                                                                                                                        ;
+-----------------------------+---------------------+---------------------------+-------------------+------------+------+--------------+----------------------------------------------------+-----------------+--------------+
; Compilation Hierarchy Node  ; Combinational ALUTs ; Dedicated Logic Registers ; Block Memory Bits ; DSP Blocks ; Pins ; Virtual Pins ; Full Hierarchy Name                                ; Entity Name     ; Library Name ;
+-----------------------------+---------------------+---------------------------+-------------------+------------+------+--------------+----------------------------------------------------+-----------------+--------------+
; |calculator                 ; 409 (9)             ; 295 (0)                   ; 0                 ; 0          ; 42   ; 0            ; |calculator                                        ; calculator      ; work         ;
;    |PNU_CLK_DIV:inst1|      ; 30 (30)             ; 21 (21)                   ; 0                 ; 0          ; 0    ; 0            ; |calculator|PNU_CLK_DIV:inst1                      ; PNU_CLK_DIV     ; work         ;
;    |Password:inst3|         ; 4 (4)               ; 0 (0)                     ; 0                 ; 0          ; 0    ; 0            ; |calculator|Password:inst3                         ; Password        ; work         ;
;    |Piezo_Module:inst13|    ; 345 (3)             ; 252 (0)                   ; 0                 ; 0          ; 0    ; 0            ; |calculator|Piezo_Module:inst13                    ; Piezo_Module    ; work         ;
;       |PNU_CLK_DIV:inst10|  ; 29 (29)             ; 21 (21)                   ; 0                 ; 0          ; 0    ; 0            ; |calculator|Piezo_Module:inst13|PNU_CLK_DIV:inst10 ; PNU_CLK_DIV     ; work         ;
;       |PNU_CLK_DIV:inst11|  ; 27 (27)             ; 21 (21)                   ; 0                 ; 0          ; 0    ; 0            ; |calculator|Piezo_Module:inst13|PNU_CLK_DIV:inst11 ; PNU_CLK_DIV     ; work         ;
;       |PNU_CLK_DIV:inst1|   ; 30 (30)             ; 21 (21)                   ; 0                 ; 0          ; 0    ; 0            ; |calculator|Piezo_Module:inst13|PNU_CLK_DIV:inst1  ; PNU_CLK_DIV     ; work         ;
;       |PNU_CLK_DIV:inst2|   ; 29 (29)             ; 21 (21)                   ; 0                 ; 0          ; 0    ; 0            ; |calculator|Piezo_Module:inst13|PNU_CLK_DIV:inst2  ; PNU_CLK_DIV     ; work         ;
;       |PNU_CLK_DIV:inst3|   ; 30 (30)             ; 21 (21)                   ; 0                 ; 0          ; 0    ; 0            ; |calculator|Piezo_Module:inst13|PNU_CLK_DIV:inst3  ; PNU_CLK_DIV     ; work         ;
;       |PNU_CLK_DIV:inst4|   ; 27 (27)             ; 21 (21)                   ; 0                 ; 0          ; 0    ; 0            ; |calculator|Piezo_Module:inst13|PNU_CLK_DIV:inst4  ; PNU_CLK_DIV     ; work         ;
;       |PNU_CLK_DIV:inst5|   ; 29 (29)             ; 21 (21)                   ; 0                 ; 0          ; 0    ; 0            ; |calculator|Piezo_Module:inst13|PNU_CLK_DIV:inst5  ; PNU_CLK_DIV     ; work         ;
;       |PNU_CLK_DIV:inst6|   ; 29 (29)             ; 21 (21)                   ; 0                 ; 0          ; 0    ; 0            ; |calculator|Piezo_Module:inst13|PNU_CLK_DIV:inst6  ; PNU_CLK_DIV     ; work         ;
;       |PNU_CLK_DIV:inst7|   ; 28 (28)             ; 21 (21)                   ; 0                 ; 0          ; 0    ; 0            ; |calculator|Piezo_Module:inst13|PNU_CLK_DIV:inst7  ; PNU_CLK_DIV     ; work         ;
;       |PNU_CLK_DIV:inst8|   ; 27 (27)             ; 21 (21)                   ; 0                 ; 0          ; 0    ; 0            ; |calculator|Piezo_Module:inst13|PNU_CLK_DIV:inst8  ; PNU_CLK_DIV     ; work         ;
;       |PNU_CLK_DIV:inst9|   ; 28 (28)             ; 21 (21)                   ; 0                 ; 0          ; 0    ; 0            ; |calculator|Piezo_Module:inst13|PNU_CLK_DIV:inst9  ; PNU_CLK_DIV     ; work         ;
;       |PNU_CLK_DIV:inst|    ; 29 (29)             ; 21 (21)                   ; 0                 ; 0          ; 0    ; 0            ; |calculator|Piezo_Module:inst13|PNU_CLK_DIV:inst   ; PNU_CLK_DIV     ; work         ;
;    |b2seg_bus:inst17|       ; 7 (7)               ; 0 (0)                     ; 0                 ; 0          ; 0    ; 0            ; |calculator|b2seg_bus:inst17                       ; b2seg_bus       ; work         ;
;    |count_4:inst12|         ; 2 (2)               ; 2 (2)                     ; 0                 ; 0          ; 0    ; 0            ; |calculator|count_4:inst12                         ; count_4         ; work         ;
;    |count_4:inst51|         ; 2 (2)               ; 2 (2)                     ; 0                 ; 0          ; 0    ; 0            ; |calculator|count_4:inst51                         ; count_4         ; work         ;
;    |d2b:inst6|              ; 5 (5)               ; 0 (0)                     ; 0                 ; 0          ; 0    ; 0            ; |calculator|d2b:inst6                              ; d2b             ; work         ;
;    |four_bit_reg_ce:inst10| ; 0 (0)               ; 4 (4)                     ; 0                 ; 0          ; 0    ; 0            ; |calculator|four_bit_reg_ce:inst10                 ; four_bit_reg_ce ; work         ;
;    |four_bit_reg_ce:inst11| ; 0 (0)               ; 4 (4)                     ; 0                 ; 0          ; 0    ; 0            ; |calculator|four_bit_reg_ce:inst11                 ; four_bit_reg_ce ; work         ;
;    |four_bit_reg_ce:inst7|  ; 0 (0)               ; 4 (4)                     ; 0                 ; 0          ; 0    ; 0            ; |calculator|four_bit_reg_ce:inst7                  ; four_bit_reg_ce ; work         ;
;    |four_bit_reg_ce:inst8|  ; 0 (0)               ; 4 (4)                     ; 0                 ; 0          ; 0    ; 0            ; |calculator|four_bit_reg_ce:inst8                  ; four_bit_reg_ce ; work         ;
;    |mx_4bit_2x1:inst16|     ; 4 (4)               ; 0 (0)                     ; 0                 ; 0          ; 0    ; 0            ; |calculator|mx_4bit_2x1:inst16                     ; mx_4bit_2x1     ; work         ;
;    |trigger:inst4|          ; 1 (1)               ; 2 (2)                     ; 0                 ; 0          ; 0    ; 0            ; |calculator|trigger:inst4                          ; trigger         ; work         ;
+-----------------------------+---------------------+---------------------------+-------------------+------------+------+--------------+----------------------------------------------------+-----------------+--------------+
Note: For table entries with two numbers listed, the numbers in parentheses indicate the number of resources of the given type used by the specific entity alone. The numbers listed outside of parentheses indicate the total resources of the given type used by the specific entity and all of its sub-entities in the hierarchy.


+------------------------------------------------------+
; General Register Statistics                          ;
+----------------------------------------------+-------+
; Statistic                                    ; Value ;
+----------------------------------------------+-------+
; Total registers                              ; 295   ;
; Number of registers using Synchronous Clear  ; 260   ;
; Number of registers using Synchronous Load   ; 0     ;
; Number of registers using Asynchronous Clear ; 295   ;
; Number of registers using Asynchronous Load  ; 0     ;
; Number of registers using Clock Enable       ; 16    ;
; Number of registers using Preset             ; 0     ;
+----------------------------------------------+-------+


+--------------------------------------------------------------------------------------------------------------------------------------------------------------------------+
; Multiplexer Restructuring Statistics (Restructuring Performed)                                                                                                           ;
+--------------------+-----------+---------------+----------------------+------------------------+------------+------------------------------------------------------------+
; Multiplexer Inputs ; Bus Width ; Baseline Area ; Area if Restructured ; Saving if Restructured ; Registered ; Example Multiplexer Output                                 ;
+--------------------+-----------+---------------+----------------------+------------------------+------------+------------------------------------------------------------+
; 3:1                ; 20 bits   ; 40 LEs        ; 0 LEs                ; 40 LEs                 ; Yes        ; |calculator|Piezo_Module:inst13|PNU_CLK_DIV:inst6|cnt[4]   ;
; 3:1                ; 20 bits   ; 40 LEs        ; 0 LEs                ; 40 LEs                 ; Yes        ; |calculator|Piezo_Module:inst13|PNU_CLK_DIV:inst7|cnt[1]   ;
; 3:1                ; 20 bits   ; 40 LEs        ; 0 LEs                ; 40 LEs                 ; Yes        ; |calculator|Piezo_Module:inst13|PNU_CLK_DIV:inst5|cnt[5]   ;
; 3:1                ; 20 bits   ; 40 LEs        ; 0 LEs                ; 40 LEs                 ; Yes        ; |calculator|Piezo_Module:inst13|PNU_CLK_DIV:inst1|cnt[9]   ;
; 3:1                ; 20 bits   ; 40 LEs        ; 0 LEs                ; 40 LEs                 ; Yes        ; |calculator|Piezo_Module:inst13|PNU_CLK_DIV:inst11|cnt[8]  ;
; 3:1                ; 20 bits   ; 40 LEs        ; 0 LEs                ; 40 LEs                 ; Yes        ; |calculator|Piezo_Module:inst13|PNU_CLK_DIV:inst9|cnt[17]  ;
; 3:1                ; 20 bits   ; 40 LEs        ; 0 LEs                ; 40 LEs                 ; Yes        ; |calculator|Piezo_Module:inst13|PNU_CLK_DIV:inst10|cnt[19] ;
; 3:1                ; 20 bits   ; 40 LEs        ; 0 LEs                ; 40 LEs                 ; Yes        ; |calculator|Piezo_Module:inst13|PNU_CLK_DIV:inst8|cnt[8]   ;
; 3:1                ; 20 bits   ; 40 LEs        ; 0 LEs                ; 40 LEs                 ; Yes        ; |calculator|Piezo_Module:inst13|PNU_CLK_DIV:inst|cnt[17]   ;
; 3:1                ; 20 bits   ; 40 LEs        ; 0 LEs                ; 40 LEs                 ; Yes        ; |calculator|Piezo_Module:inst13|PNU_CLK_DIV:inst3|cnt[19]  ;
; 3:1                ; 20 bits   ; 40 LEs        ; 0 LEs                ; 40 LEs                 ; Yes        ; |calculator|Piezo_Module:inst13|PNU_CLK_DIV:inst4|cnt[9]   ;
; 3:1                ; 20 bits   ; 40 LEs        ; 0 LEs                ; 40 LEs                 ; Yes        ; |calculator|Piezo_Module:inst13|PNU_CLK_DIV:inst2|cnt[17]  ;
; 4:1                ; 4 bits    ; 8 LEs         ; 8 LEs                ; 0 LEs                  ; No         ; |calculator|mx_4bit_2x1:inst16|inst10                      ;
+--------------------+-----------+---------------+----------------------+------------------------+------------+------------------------------------------------------------+


+------------------------------------------------------------------------------------+
; Parameter Settings for User Entity Instance: Piezo_Module:inst13|PNU_CLK_DIV:inst6 ;
+----------------+-------+-----------------------------------------------------------+
; Parameter Name ; Value ; Type                                                      ;
+----------------+-------+-----------------------------------------------------------+
; cnt_num        ; 2551  ; Signed Integer                                            ;
+----------------+-------+-----------------------------------------------------------+
Note: In order to hide this table in the UI and the text report file, please set the "Show Parameter Settings in Synthesis Report" option in "Analysis and Synthesis Settings -> More Settings" to "Off".


+------------------------------------------------------------------------------------+
; Parameter Settings for User Entity Instance: Piezo_Module:inst13|PNU_CLK_DIV:inst7 ;
+----------------+-------+-----------------------------------------------------------+
; Parameter Name ; Value ; Type                                                      ;
+----------------+-------+-----------------------------------------------------------+
; cnt_num        ; 2272  ; Signed Integer                                            ;
+----------------+-------+-----------------------------------------------------------+
Note: In order to hide this table in the UI and the text report file, please set the "Show Parameter Settings in Synthesis Report" option in "Analysis and Synthesis Settings -> More Settings" to "Off".


+------------------------------------------------------------------------------------+
; Parameter Settings for User Entity Instance: Piezo_Module:inst13|PNU_CLK_DIV:inst5 ;
+----------------+-------+-----------------------------------------------------------+
; Parameter Name ; Value ; Type                                                      ;
+----------------+-------+-----------------------------------------------------------+
; cnt_num        ; 2863  ; Signed Integer                                            ;
+----------------+-------+-----------------------------------------------------------+
Note: In order to hide this table in the UI and the text report file, please set the "Show Parameter Settings in Synthesis Report" option in "Analysis and Synthesis Settings -> More Settings" to "Off".


+------------------------------------------------------------------------------------+
; Parameter Settings for User Entity Instance: Piezo_Module:inst13|PNU_CLK_DIV:inst1 ;
+----------------+-------+-----------------------------------------------------------+
; Parameter Name ; Value ; Type                                                      ;
+----------------+-------+-----------------------------------------------------------+
; cnt_num        ; 1431  ; Signed Integer                                            ;
+----------------+-------+-----------------------------------------------------------+
Note: In order to hide this table in the UI and the text report file, please set the "Show Parameter Settings in Synthesis Report" option in "Analysis and Synthesis Settings -> More Settings" to "Off".


+-------------------------------------------------------------------------------------+
; Parameter Settings for User Entity Instance: Piezo_Module:inst13|PNU_CLK_DIV:inst11 ;
+----------------+-------+------------------------------------------------------------+
; Parameter Name ; Value ; Type                                                       ;
+----------------+-------+------------------------------------------------------------+
; cnt_num        ; 1275  ; Signed Integer                                             ;
+----------------+-------+------------------------------------------------------------+
Note: In order to hide this table in the UI and the text report file, please set the "Show Parameter Settings in Synthesis Report" option in "Analysis and Synthesis Settings -> More Settings" to "Off".


+------------------------------------------------------------------------------------+
; Parameter Settings for User Entity Instance: Piezo_Module:inst13|PNU_CLK_DIV:inst9 ;
+----------------+-------+-----------------------------------------------------------+
; Parameter Name ; Value ; Type                                                      ;
+----------------+-------+-----------------------------------------------------------+
; cnt_num        ; 1911  ; Signed Integer                                            ;
+----------------+-------+-----------------------------------------------------------+
Note: In order to hide this table in the UI and the text report file, please set the "Show Parameter Settings in Synthesis Report" option in "Analysis and Synthesis Settings -> More Settings" to "Off".


+-------------------------------------------------------------------------------------+
; Parameter Settings for User Entity Instance: Piezo_Module:inst13|PNU_CLK_DIV:inst10 ;
+----------------+-------+------------------------------------------------------------+
; Parameter Name ; Value ; Type                                                       ;
+----------------+-------+------------------------------------------------------------+
; cnt_num        ; 1702  ; Signed Integer                                             ;
+----------------+-------+------------------------------------------------------------+
Note: In order to hide this table in the UI and the text report file, please set the "Show Parameter Settings in Synthesis Report" option in "Analysis and Synthesis Settings -> More Settings" to "Off".


+------------------------------------------------------------------------------------+
; Parameter Settings for User Entity Instance: Piezo_Module:inst13|PNU_CLK_DIV:inst8 ;
+----------------+-------+-----------------------------------------------------------+
; Parameter Name ; Value ; Type                                                      ;
+----------------+-------+-----------------------------------------------------------+
; cnt_num        ; 2024  ; Signed Integer                                            ;
+----------------+-------+-----------------------------------------------------------+
Note: In order to hide this table in the UI and the text report file, please set the "Show Parameter Settings in Synthesis Report" option in "Analysis and Synthesis Settings -> More Settings" to "Off".


+-----------------------------------------------------------------------------------+
; Parameter Settings for User Entity Instance: Piezo_Module:inst13|PNU_CLK_DIV:inst ;
+----------------+-------+----------------------------------------------------------+
; Parameter Name ; Value ; Type                                                     ;
+----------------+-------+----------------------------------------------------------+
; cnt_num        ; 1516  ; Signed Integer                                           ;
+----------------+-------+----------------------------------------------------------+
Note: In order to hide this table in the UI and the text report file, please set the "Show Parameter Settings in Synthesis Report" option in "Analysis and Synthesis Settings -> More Settings" to "Off".


+------------------------------------------------------------------------------------+
; Parameter Settings for User Entity Instance: Piezo_Module:inst13|PNU_CLK_DIV:inst3 ;
+----------------+-------+-----------------------------------------------------------+
; Parameter Name ; Value ; Type                                                      ;
+----------------+-------+-----------------------------------------------------------+
; cnt_num        ; 3405  ; Signed Integer                                            ;
+----------------+-------+-----------------------------------------------------------+
Note: In order to hide this table in the UI and the text report file, please set the "Show Parameter Settings in Synthesis Report" option in "Analysis and Synthesis Settings -> More Settings" to "Off".


+------------------------------------------------------------------------------------+
; Parameter Settings for User Entity Instance: Piezo_Module:inst13|PNU_CLK_DIV:inst4 ;
+----------------+-------+-----------------------------------------------------------+
; Parameter Name ; Value ; Type                                                      ;
+----------------+-------+-----------------------------------------------------------+
; cnt_num        ; 3033  ; Signed Integer                                            ;
+----------------+-------+-----------------------------------------------------------+
Note: In order to hide this table in the UI and the text report file, please set the "Show Parameter Settings in Synthesis Report" option in "Analysis and Synthesis Settings -> More Settings" to "Off".


+------------------------------------------------------------------------------------+
; Parameter Settings for User Entity Instance: Piezo_Module:inst13|PNU_CLK_DIV:inst2 ;
+----------------+-------+-----------------------------------------------------------+
; Parameter Name ; Value ; Type                                                      ;
+----------------+-------+-----------------------------------------------------------+
; cnt_num        ; 3822  ; Signed Integer                                            ;
+----------------+-------+-----------------------------------------------------------+
Note: In order to hide this table in the UI and the text report file, please set the "Show Parameter Settings in Synthesis Report" option in "Analysis and Synthesis Settings -> More Settings" to "Off".


+----------------------------------------------------------------+
; Parameter Settings for User Entity Instance: PNU_CLK_DIV:inst1 ;
+----------------+-------+---------------------------------------+
; Parameter Name ; Value ; Type                                  ;
+----------------+-------+---------------------------------------+
; cnt_num        ; 10000 ; Signed Integer                        ;
+----------------+-------+---------------------------------------+
Note: In order to hide this table in the UI and the text report file, please set the "Show Parameter Settings in Synthesis Report" option in "Analysis and Synthesis Settings -> More Settings" to "Off".


+-----------------------------------------------------+
; Post-Synthesis Netlist Statistics for Top Partition ;
+-----------------------+-----------------------------+
; Type                  ; Count                       ;
+-----------------------+-----------------------------+
; arriav_ff             ; 295                         ;
;     CLR               ; 19                          ;
;     CLR SCLR          ; 260                         ;
;     ENA CLR           ; 16                          ;
; arriav_lcell_comb     ; 416                         ;
;     arith             ; 260                         ;
;         1 data inputs ; 260                         ;
;     normal            ; 156                         ;
;         1 data inputs ; 9                           ;
;         2 data inputs ; 18                          ;
;         3 data inputs ; 19                          ;
;         4 data inputs ; 30                          ;
;         5 data inputs ; 37                          ;
;         6 data inputs ; 43                          ;
; boundary_port         ; 42                          ;
;                       ;                             ;
; Max LUT depth         ; 3.00                        ;
; Average LUT depth     ; 2.35                        ;
+-----------------------+-----------------------------+


+-------------------------------+
; Elapsed Time Per Partition    ;
+----------------+--------------+
; Partition Name ; Elapsed Time ;
+----------------+--------------+
; Top            ; 00:00:00     ;
+----------------+--------------+


+-------------------------------+
; Analysis & Synthesis Messages ;
+-------------------------------+
Info: *******************************************************************
Info: Running Quartus Prime Analysis & Synthesis
    Info: Version 20.1.1 Build 720 11/11/2020 SJ Lite Edition
    Info: Processing started: Thu Dec 07 19:25:56 2023
Info: Command: quartus_map --read_settings_files=on --write_settings_files=off calculator -c calculator
Warning (18236): Number of processors has not been specified which may cause overloading on shared machines.  Set the global assignment NUM_PARALLEL_PROCESSORS in your QSF to an appropriate value for best performance.
Info (20030): Parallel compilation is enabled and will use 12 of the 12 processors detected
Info (12021): Found 1 design units, including 1 entities, in source file calculator.bdf
    Info (12023): Found entity 1: calculator
Info (12021): Found 1 design units, including 1 entities, in source file d2b.bdf
    Info (12023): Found entity 1: d2b
Info (12021): Found 1 design units, including 1 entities, in source file piezo_module.bdf
    Info (12023): Found entity 1: Piezo_Module
Info (12021): Found 1 design units, including 1 entities, in source file b2seg_bus.bdf
    Info (12023): Found entity 1: b2seg_bus
Info (12021): Found 1 design units, including 1 entities, in source file trigger.bdf
    Info (12023): Found entity 1: trigger
Info (12021): Found 1 design units, including 1 entities, in source file password.bdf
    Info (12023): Found entity 1: Password
Info (12021): Found 1 design units, including 1 entities, in source file mx_4bit_2x1.bdf
    Info (12023): Found entity 1: mx_4bit_2x1
Info (12021): Found 1 design units, including 1 entities, in source file mx_2x1.bdf
    Info (12023): Found entity 1: mx_2x1
Info (12021): Found 1 design units, including 1 entities, in source file led.bdf
    Info (12023): Found entity 1: LED
Info (12021): Found 1 design units, including 1 entities, in source file four_bit_reg_ce.bdf
    Info (12023): Found entity 1: four_bit_reg_ce
Info (12021): Found 1 design units, including 1 entities, in source file count_4.bdf
    Info (12023): Found entity 1: count_4
Info (12127): Elaborating entity "calculator" for the top level hierarchy
Warning (275011): Block or symbol "OR8" of instance "inst19" overlaps another block or symbol
Warning (275011): Block or symbol "NOT" of instance "inst28" overlaps another block or symbol
Warning (275011): Block or symbol "trigger" of instance "inst4" overlaps another block or symbol
Warning (275011): Block or symbol "NOT" of instance "inst40" overlaps another block or symbol
Info (12128): Elaborating entity "b2seg_bus" for hierarchy "b2seg_bus:inst17"
Warning (275011): Block or symbol "AND2" of instance "inst11" overlaps another block or symbol
Warning (275011): Block or symbol "OR2" of instance "inst19" overlaps another block or symbol
Warning (275008): Primitive "NOT" of instance "inst" not used
Info (12128): Elaborating entity "mx_4bit_2x1" for hierarchy "mx_4bit_2x1:inst16"
Warning (275011): Block or symbol "AND2" of instance "inst5" overlaps another block or symbol
Info (12128): Elaborating entity "count_4" for hierarchy "count_4:inst12"
Info (12128): Elaborating entity "four_bit_reg_ce" for hierarchy "four_bit_reg_ce:inst7"
Info (12128): Elaborating entity "mx_2x1" for hierarchy "four_bit_reg_ce:inst7|mx_2x1:inst10"
Info (12128): Elaborating entity "trigger" for hierarchy "trigger:inst4"
Info (12128): Elaborating entity "d2b" for hierarchy "d2b:inst6"
Info (12128): Elaborating entity "Piezo_Module" for hierarchy "Piezo_Module:inst13"
Warning (12125): Using design file pnu_clk_div.v, which is not specified as a design file for the current project, but contains definitions for 1 design units and 1 entities in project
    Info (12023): Found entity 1: PNU_CLK_DIV File: E:/quartus_prime/calculator/pnu_clk_div.v Line: 1
Info (12128): Elaborating entity "PNU_CLK_DIV" for hierarchy "Piezo_Module:inst13|PNU_CLK_DIV:inst6"
Warning (10230): Verilog HDL assignment warning at pnu_clk_div.v(26): truncated value with size 32 to match size of target (20) File: E:/quartus_prime/calculator/pnu_clk_div.v Line: 26
Info (12128): Elaborating entity "PNU_CLK_DIV" for hierarchy "Piezo_Module:inst13|PNU_CLK_DIV:inst7"
Warning (10230): Verilog HDL assignment warning at pnu_clk_div.v(26): truncated value with size 32 to match size of target (20) File: E:/quartus_prime/calculator/pnu_clk_div.v Line: 26
Info (12128): Elaborating entity "PNU_CLK_DIV" for hierarchy "Piezo_Module:inst13|PNU_CLK_DIV:inst5"
Warning (10230): Verilog HDL assignment warning at pnu_clk_div.v(26): truncated value with size 32 to match size of target (20) File: E:/quartus_prime/calculator/pnu_clk_div.v Line: 26
Info (12128): Elaborating entity "PNU_CLK_DIV" for hierarchy "Piezo_Module:inst13|PNU_CLK_DIV:inst1"
Warning (10230): Verilog HDL assignment warning at pnu_clk_div.v(26): truncated value with size 32 to match size of target (20) File: E:/quartus_prime/calculator/pnu_clk_div.v Line: 26
Info (12128): Elaborating entity "PNU_CLK_DIV" for hierarchy "Piezo_Module:inst13|PNU_CLK_DIV:inst11"
Warning (10230): Verilog HDL assignment warning at pnu_clk_div.v(26): truncated value with size 32 to match size of target (20) File: E:/quartus_prime/calculator/pnu_clk_div.v Line: 26
Info (12128): Elaborating entity "PNU_CLK_DIV" for hierarchy "Piezo_Module:inst13|PNU_CLK_DIV:inst9"
Warning (10230): Verilog HDL assignment warning at pnu_clk_div.v(26): truncated value with size 32 to match size of target (20) File: E:/quartus_prime/calculator/pnu_clk_div.v Line: 26
Info (12128): Elaborating entity "PNU_CLK_DIV" for hierarchy "Piezo_Module:inst13|PNU_CLK_DIV:inst10"
Warning (10230): Verilog HDL assignment warning at pnu_clk_div.v(26): truncated value with size 32 to match size of target (20) File: E:/quartus_prime/calculator/pnu_clk_div.v Line: 26
Info (12128): Elaborating entity "PNU_CLK_DIV" for hierarchy "Piezo_Module:inst13|PNU_CLK_DIV:inst8"
Warning (10230): Verilog HDL assignment warning at pnu_clk_div.v(26): truncated value with size 32 to match size of target (20) File: E:/quartus_prime/calculator/pnu_clk_div.v Line: 26
Info (12128): Elaborating entity "PNU_CLK_DIV" for hierarchy "Piezo_Module:inst13|PNU_CLK_DIV:inst"
Warning (10230): Verilog HDL assignment warning at pnu_clk_div.v(26): truncated value with size 32 to match size of target (20) File: E:/quartus_prime/calculator/pnu_clk_div.v Line: 26
Info (12128): Elaborating entity "PNU_CLK_DIV" for hierarchy "Piezo_Module:inst13|PNU_CLK_DIV:inst3"
Warning (10230): Verilog HDL assignment warning at pnu_clk_div.v(26): truncated value with size 32 to match size of target (20) File: E:/quartus_prime/calculator/pnu_clk_div.v Line: 26
Info (12128): Elaborating entity "PNU_CLK_DIV" for hierarchy "Piezo_Module:inst13|PNU_CLK_DIV:inst4"
Warning (10230): Verilog HDL assignment warning at pnu_clk_div.v(26): truncated value with size 32 to match size of target (20) File: E:/quartus_prime/calculator/pnu_clk_div.v Line: 26
Info (12128): Elaborating entity "PNU_CLK_DIV" for hierarchy "Piezo_Module:inst13|PNU_CLK_DIV:inst2"
Warning (10230): Verilog HDL assignment warning at pnu_clk_div.v(26): truncated value with size 32 to match size of target (20) File: E:/quartus_prime/calculator/pnu_clk_div.v Line: 26
Info (12128): Elaborating entity "LED" for hierarchy "LED:inst2"
Info (12128): Elaborating entity "Password" for hierarchy "Password:inst3"
Warning (275011): Block or symbol "NOT" of instance "inst20" overlaps another block or symbol
Info (12128): Elaborating entity "PNU_CLK_DIV" for hierarchy "PNU_CLK_DIV:inst1"
Warning (10230): Verilog HDL assignment warning at pnu_clk_div.v(26): truncated value with size 32 to match size of target (20) File: E:/quartus_prime/calculator/pnu_clk_div.v Line: 26
Info (286030): Timing-Driven Synthesis is running
Info (16010): Generating hard_block partition "hard_block:auto_generated_inst"
    Info (16011): Adding 0 node(s), including 0 DDIO, 0 PLL, 0 transceiver and 0 LCELL
Info (21057): Implemented 464 device resources after synthesis - the final resource count might be different
    Info (21058): Implemented 14 input pins
    Info (21059): Implemented 28 output pins
    Info (21061): Implemented 422 logic cells
Info: Quartus Prime Analysis & Synthesis was successful. 0 errors, 24 warnings
    Info: Peak virtual memory: 4884 megabytes
    Info: Processing ended: Thu Dec 07 19:26:04 2023
    Info: Elapsed time: 00:00:08
    Info: Total CPU time (on all processors): 00:00:08


