Copyright 1986-2020 Xilinx, Inc. All Rights Reserved.
----------------------------------------------------------------------------------------------------------------------------------------------------
| Tool Version     : Vivado v.2020.1 (win64) Build 2902540 Wed May 27 19:54:49 MDT 2020
| Date             : Tue Dec 26 15:34:14 2023
| Host             : DESKTOP-OHK7U8O running 64-bit major release  (build 9200)
| Command          : report_power -file calculator_power_routed.rpt -pb calculator_power_summary_routed.pb -rpx calculator_power_routed.rpx
| Design           : calculator
| Device           : xc7s75fgga484-1
| Design State     : routed
| Grade            : commercial
| Process          : typical
| Characterization : Production
----------------------------------------------------------------------------------------------------------------------------------------------------

Power Report

Table of Contents
-----------------
1. Summary
1.1 On-Chip Components
1.2 Power Supply Summary
1.3 Confidence Level
2. Settings
2.1 Environment
2.2 Clock Constraints
3. Detailed Reports
3.1 By Hierarchy

1. Summary
----------

+--------------------------+----------------------------------+
| Total On-Chip Power (W)  | 64.268 (Junction temp exceeded!) |
| Design Power Budget (W)  | Unspecified*                     |
| Power Budget Margin (W)  | NA                               |
| Dynamic (W)              | 63.443                           |
| Device Static (W)        | 0.825                            |
| Effective TJA (C/W)      | 2.7                              |
| Max Ambient (C)          | 0.0                              |
| Junction Temperature (C) | 125.0                            |
| Confidence Level         | Low                              |
| Setting File             | ---                              |
| Simulation Activity File | ---                              |
| Design Nets Matched      | NA                               |
+--------------------------+----------------------------------+
* Specify Design Power Budget using, set_operating_conditions -design_power_budget <value in Watts>


1.1 On-Chip Components
----------------------

+----------------+-----------+----------+-----------+-----------------+
| On-Chip        | Power (W) | Used     | Available | Utilization (%) |
+----------------+-----------+----------+-----------+-----------------+
| Slice Logic    |     1.694 |      685 |       --- |             --- |
|   LUT as Logic |     1.583 |      262 |     48000 |            0.55 |
|   Register     |     0.048 |      272 |     96000 |            0.28 |
|   CARRY4       |     0.035 |       22 |     16000 |            0.14 |
|   F7/F8 Muxes  |     0.023 |       12 |     64000 |            0.02 |
|   BUFG         |     0.006 |        1 |        32 |            3.13 |
|   Others       |     0.000 |       26 |       --- |             --- |
| Signals        |     1.827 |      553 |       --- |             --- |
| I/O            |    59.922 |       57 |       338 |           16.86 |
| Static Power   |     0.825 |          |           |                 |
| Total          |    64.268 |          |           |                 |
+----------------+-----------+----------+-----------+-----------------+


1.2 Power Supply Summary
------------------------

+-----------+-------------+-----------+-------------+------------+-------------+-------------+------------+
| Source    | Voltage (V) | Total (A) | Dynamic (A) | Static (A) | Powerup (A) | Budget (A)  | Margin (A) |
+-----------+-------------+-----------+-------------+------------+-------------+-------------+------------+
| Vccint    |       1.000 |     4.112 |       3.574 |      0.538 |       NA    | Unspecified | NA         |
| Vccaux    |       1.800 |     2.303 |       2.194 |      0.110 |       NA    | Unspecified | NA         |
| Vcco33    |       3.300 |    16.950 |      16.946 |      0.004 |       NA    | Unspecified | NA         |
| Vcco25    |       2.500 |     0.000 |       0.000 |      0.000 |       NA    | Unspecified | NA         |
| Vcco18    |       1.800 |     0.000 |       0.000 |      0.000 |       NA    | Unspecified | NA         |
| Vcco15    |       1.500 |     0.000 |       0.000 |      0.000 |       NA    | Unspecified | NA         |
| Vcco135   |       1.350 |     0.000 |       0.000 |      0.000 |       NA    | Unspecified | NA         |
| Vcco12    |       1.200 |     0.000 |       0.000 |      0.000 |       NA    | Unspecified | NA         |
| Vccaux_io |       1.800 |     0.000 |       0.000 |      0.000 |       NA    | Unspecified | NA         |
| Vccbram   |       1.000 |     0.040 |       0.000 |      0.040 |       NA    | Unspecified | NA         |
| Vccadc    |       1.800 |     0.020 |       0.000 |      0.020 |       NA    | Unspecified | NA         |
+-----------+-------------+-----------+-------------+------------+-------------+-------------+------------+


1.3 Confidence Level
--------------------

+-----------------------------+------------+--------------------------------------------------------+--------------------------------------------------------------------------------------------------------------------+
| User Input Data             | Confidence | Details                                                | Action                                                                                                             |
+-----------------------------+------------+--------------------------------------------------------+--------------------------------------------------------------------------------------------------------------------+
| Design implementation state | High       | Design is routed                                       |                                                                                                                    |
| Clock nodes activity        | Low        | User specified less than 75% of clocks                 | Provide missing clock activity with a constraint file, simulation results or by editing the "By Clock Domain" view |
| I/O nodes activity          | Low        | More than 75% of inputs are missing user specification | Provide missing input activity with simulation results or by editing the "By Resource Type -> I/Os" view           |
| Internal nodes activity     | Medium     | User specified less than 25% of internal nodes         | Provide missing internal nodes activity with simulation results or by editing the "By Resource Type" views         |
| Device models               | High       | Device models are Production                           |                                                                                                                    |
|                             |            |                                                        |                                                                                                                    |
| Overall confidence level    | Low        |                                                        |                                                                                                                    |
+-----------------------------+------------+--------------------------------------------------------+--------------------------------------------------------------------------------------------------------------------+


2. Settings
-----------

2.1 Environment
---------------

+-----------------------+--------------------------+
| Ambient Temp (C)      | 25.0                     |
| ThetaJA (C/W)         | 2.7                      |
| Airflow (LFM)         | 250                      |
| Heat Sink             | medium (Medium Profile)  |
| ThetaSA (C/W)         | 4.8                      |
| Board Selection       | medium (10"x10")         |
| # of Board Layers     | 12to15 (12 to 15 Layers) |
| Board Temperature (C) | 25.0                     |
+-----------------------+--------------------------+


2.2 Clock Constraints
---------------------

+-------+--------+-----------------+
| Clock | Domain | Constraint (ns) |
+-------+--------+-----------------+


3. Detailed Reports
-------------------

3.1 By Hierarchy
----------------

+------------------+-----------+
| Name             | Power (W) |
+------------------+-----------+
| calculator       |    63.443 |
|   b2v_inst1      |     0.184 |
|   b2v_inst11     |     0.322 |
|   b2v_inst13     |     0.798 |
|     b2v_inst     |     0.038 |
|     b2v_inst1    |     0.041 |
|     b2v_inst10   |     0.059 |
|     b2v_inst11   |     0.064 |
|     b2v_inst2    |     0.096 |
|     b2v_inst3    |     0.082 |
|     b2v_inst4    |     0.073 |
|     b2v_inst5    |     0.080 |
|     b2v_inst6    |     0.072 |
|     b2v_inst7    |     0.093 |
|     b2v_inst8    |     0.026 |
|     b2v_inst9    |     0.049 |
|   b2v_inst16     |     0.264 |
|     b2v_inst7    |     0.264 |
|   b2v_inst4      |     0.009 |
|   b2v_inst5      |     0.939 |
|   b2v_inst51     |     0.295 |
|   b2v_inst65     |     0.117 |
|     b2v_inst     |     0.074 |
|       b2v_inst11 |     0.068 |
|       b2v_inst7  |     0.006 |
|     b2v_inst1    |     0.044 |
|       b2v_inst11 |     0.042 |
|       b2v_inst8  |     0.001 |
|   b2v_inst66     |     0.105 |
|     b2v_inst     |     0.061 |
|       b2v_inst11 |     0.061 |
|     b2v_inst1    |     0.044 |
|       b2v_inst11 |     0.044 |
|   b2v_inst67     |     0.362 |
|     b2v_inst     |     0.285 |
|       b2v_inst10 |     0.005 |
|       b2v_inst11 |     0.058 |
|       b2v_inst7  |     0.194 |
|       b2v_inst8  |     0.027 |
|     b2v_inst1    |     0.078 |
|       b2v_inst11 |     0.078 |
+------------------+-----------+


